18:19:59.989 INFO  manager.ApplicationManager - All tests runs in Chrome Browser
18:20:00.385 INFO  manager.WDListener - Url-->https://telranedu.web.app
18:20:01.439 INFO  manager.ApplicationManager - The link -->https://telranedu.web.app/home
18:20:01.448 INFO  manager.TestNGListener - Start testing on date -->Thu Jun 12 18:20:01 IDT 2025
18:20:01.469 INFO  tests.TestBase - Name of method -->loginSuccessModel
18:20:06.522 INFO  manager.TestNGListener - start test -->loginSuccessModel
18:20:06.529 INFO  manager.WDListener - Before find element -->By.xpath: //a[text()='LOGIN']
18:20:06.568 INFO  manager.WDListener - After find element -->By.xpath: //a[text()='LOGIN']
18:20:06.583 INFO  manager.WDListener - Location of element (1810, 34)
18:20:06.606 INFO  manager.WDListener - Before click element-->atext = LOGIN
18:20:06.691 INFO  manager.WDListener - After click element-->a
18:20:06.691 INFO  manager.HelperBase - open form by click on button with locator By.xpath("//a[text()='LOGIN']") 
18:20:06.692 INFO  manager.WDListener - Before find element -->By.name: email
18:20:06.717 INFO  manager.WDListener - After find element -->By.name: email
18:20:06.741 INFO  manager.WDListener - Location of element (760, 250)
18:20:06.764 INFO  manager.WDListener - Before click element-->inputtext = 
18:20:06.852 INFO  manager.WDListener - After click element-->input
18:20:06.976 INFO  manager.WDListener - sendKeys -->inputtext
18:20:07.036 INFO  manager.WDListener - sendKeys -->inputtext
18:20:07.131 INFO  manager.WDListener - sendKeys -->inputtext
18:20:07.132 INFO  manager.WDListener - Before find element -->By.xpath: //input[last()]
18:20:07.166 INFO  manager.WDListener - After find element -->By.xpath: //input[last()]
18:20:07.178 INFO  manager.WDListener - Location of element (760, 320)
18:20:07.197 INFO  manager.WDListener - Before click element-->inputtext = 
18:20:07.270 INFO  manager.WDListener - After click element-->input
18:20:07.365 INFO  manager.WDListener - sendKeys -->inputtext
18:20:07.431 INFO  manager.WDListener - sendKeys -->inputtext
18:20:07.501 INFO  manager.WDListener - sendKeys -->inputtext
18:20:07.501 INFO  tests.TestBase - Test data --> User{email='margo@gmail.com', password='Mmar123456$'}
18:20:07.502 INFO  manager.WDListener - Before find element -->By.xpath: //button[text()='Login']
18:20:07.535 INFO  manager.WDListener - After find element -->By.xpath: //button[text()='Login']
18:20:07.552 INFO  manager.WDListener - Location of element (760, 390)
18:20:07.574 INFO  manager.WDListener - Before click element-->buttontext = Login
18:20:08.920 INFO  tests.TestBase - Assert check is element button 'Sign out' present
18:20:08.932 INFO  manager.TestNGListener - success test -->loginSuccessModel
18:20:08.935 INFO  tests.TestBase - =================================================================
18:20:08.940 INFO  tests.TestBase - Name of method -->loginSuccessModel
18:20:08.964 INFO  manager.WDListener - Before find element -->By.xpath: //button[text()='Sign Out']
18:20:08.996 INFO  manager.WDListener - After find element -->By.xpath: //button[text()='Sign Out']
18:20:09.014 INFO  manager.WDListener - Location of element (1797, 39)
18:20:09.035 INFO  manager.WDListener - Before click element-->buttontext = Sign Out
18:20:09.124 INFO  tests.TestBase - Before method finish logout
18:20:09.126 INFO  manager.TestNGListener - start test -->loginSuccessModel
18:20:09.127 INFO  manager.WDListener - Before find element -->By.xpath: //a[text()='LOGIN']
18:20:09.157 INFO  manager.WDListener - After find element -->By.xpath: //a[text()='LOGIN']
18:20:09.167 INFO  manager.WDListener - Location of element (1808, 33)
18:20:09.195 INFO  manager.WDListener - Before click element-->atext = LOGIN
18:20:09.301 INFO  manager.WDListener - After click element-->a
18:20:09.302 INFO  manager.HelperBase - open form by click on button with locator By.xpath("//a[text()='LOGIN']") 
18:20:09.302 INFO  manager.WDListener - Before find element -->By.name: email
18:20:09.341 INFO  manager.WDListener - After find element -->By.name: email
18:20:09.360 INFO  manager.WDListener - Location of element (760, 250)
18:20:09.384 INFO  manager.WDListener - Before click element-->inputtext = 
18:20:09.507 INFO  manager.WDListener - After click element-->input
18:20:09.613 INFO  manager.WDListener - sendKeys -->inputtext
18:20:09.662 INFO  manager.WDListener - sendKeys -->inputtext
18:20:09.736 INFO  manager.WDListener - sendKeys -->inputtext
18:20:09.736 INFO  manager.WDListener - Before find element -->By.xpath: //input[last()]
18:20:09.764 INFO  manager.WDListener - After find element -->By.xpath: //input[last()]
18:20:09.781 INFO  manager.WDListener - Location of element (760, 320)
18:20:09.802 INFO  manager.WDListener - Before click element-->inputtext = 
18:20:09.905 INFO  manager.WDListener - After click element-->input
18:20:09.984 INFO  manager.WDListener - sendKeys -->inputtext
18:20:10.049 INFO  manager.WDListener - sendKeys -->inputtext
18:20:10.130 INFO  manager.WDListener - sendKeys -->inputtext
18:20:10.130 INFO  tests.TestBase - Test data --> User{email='mara@gmail.com', password='Mmar123456$'}
18:20:10.130 INFO  manager.WDListener - Before find element -->By.xpath: //button[text()='Login']
18:20:10.156 INFO  manager.WDListener - After find element -->By.xpath: //button[text()='Login']
18:20:10.168 INFO  manager.WDListener - Location of element (760, 390)
18:20:10.200 INFO  manager.WDListener - Before click element-->buttontext = Login
18:20:10.601 INFO  tests.TestBase - Assert check is element button 'Sign out' present
18:20:10.601 INFO  manager.TestNGListener - success test -->loginSuccessModel
18:20:10.601 INFO  tests.TestBase - =================================================================
18:20:10.612 INFO  tests.TestBase - Name of method -->loginSuccessModel
18:20:10.657 INFO  manager.WDListener - Before find element -->By.xpath: //button[text()='Sign Out']
18:20:10.696 INFO  manager.WDListener - After find element -->By.xpath: //button[text()='Sign Out']
18:20:10.712 INFO  manager.WDListener - Location of element (1797, 39)
18:20:10.739 INFO  manager.WDListener - Before click element-->buttontext = Sign Out
18:20:10.837 INFO  tests.TestBase - Before method finish logout
18:20:10.838 INFO  manager.TestNGListener - start test -->loginSuccessModel
18:20:10.840 INFO  manager.WDListener - Before find element -->By.xpath: //a[text()='LOGIN']
18:20:10.869 INFO  manager.WDListener - After find element -->By.xpath: //a[text()='LOGIN']
18:20:10.883 INFO  manager.WDListener - Location of element (1808, 33)
18:20:10.904 INFO  manager.WDListener - Before click element-->atext = LOGIN
18:20:10.987 INFO  manager.WDListener - After click element-->a
18:20:11.065 INFO  manager.HelperBase - open form by click on button with locator By.xpath("//a[text()='LOGIN']") 
18:20:11.065 INFO  manager.WDListener - Before find element -->By.name: email
18:20:11.090 INFO  manager.WDListener - After find element -->By.name: email
18:20:11.114 INFO  manager.WDListener - Location of element (760, 250)
18:20:11.132 INFO  manager.WDListener - Before click element-->inputtext = 
18:20:11.262 INFO  manager.WDListener - After click element-->input
18:20:11.372 INFO  manager.WDListener - sendKeys -->inputtext
18:20:11.428 INFO  manager.WDListener - sendKeys -->inputtext
18:20:11.508 INFO  manager.WDListener - sendKeys -->inputtext
18:20:11.508 INFO  manager.WDListener - Before find element -->By.xpath: //input[last()]
18:20:11.526 INFO  manager.WDListener - After find element -->By.xpath: //input[last()]
18:20:11.541 INFO  manager.WDListener - Location of element (760, 320)
18:20:11.569 INFO  manager.WDListener - Before click element-->inputtext = 
18:20:11.687 INFO  manager.WDListener - After click element-->input
18:20:11.788 INFO  manager.WDListener - sendKeys -->inputtext
18:20:11.852 INFO  manager.WDListener - sendKeys -->inputtext
18:20:11.932 INFO  manager.WDListener - sendKeys -->inputtext
18:20:11.933 INFO  tests.TestBase - Test data --> User{email='sonya@gmail.com', password='Ss12345$'}
18:20:11.934 INFO  manager.WDListener - Before find element -->By.xpath: //button[text()='Login']
18:20:11.956 INFO  manager.WDListener - After find element -->By.xpath: //button[text()='Login']
18:20:11.974 INFO  manager.WDListener - Location of element (760, 390)
18:20:11.990 INFO  manager.WDListener - Before click element-->buttontext = Login
18:20:12.362 INFO  tests.TestBase - Assert check is element button 'Sign out' present
18:20:12.362 INFO  manager.TestNGListener - success test -->loginSuccessModel
18:20:12.363 INFO  tests.TestBase - =================================================================
18:20:12.368 INFO  manager.TestNGListener - Finish testing on date -->Thu Jun 12 18:20:12 IDT 2025
