18:17:21.455 INFO  manager.ApplicationManager - All tests runs in Chrome Browser
18:17:21.878 INFO  manager.WDListener - Url-->https://telranedu.web.app
18:17:23.046 INFO  manager.ApplicationManager - The link -->https://telranedu.web.app/home
18:17:23.193 INFO  manager.TestNGListener - Start testing on date -->Thu Jun 12 18:17:23 IDT 2025
18:17:23.237 INFO  tests.TestBase - Name of method -->loginSuccessModel
18:17:28.294 INFO  manager.TestNGListener - start test -->loginSuccessModel
18:17:28.298 INFO  manager.WDListener - Before find element -->By.xpath: //a[text()='LOGIN']
18:17:28.338 INFO  manager.WDListener - After find element -->By.xpath: //a[text()='LOGIN']
18:17:28.359 INFO  manager.WDListener - Location of element (1810, 34)
18:17:28.391 INFO  manager.WDListener - Before click element-->atext = LOGIN
18:17:28.483 INFO  manager.WDListener - After click element-->a
18:17:28.484 INFO  manager.HelperBase - open form by click on button with locator By.xpath("//a[text()='LOGIN']") 
18:17:28.486 INFO  manager.WDListener - Before find element -->By.name: email
18:17:28.524 INFO  manager.WDListener - After find element -->By.name: email
18:17:28.541 INFO  manager.WDListener - Location of element (760, 250)
18:17:28.564 INFO  manager.WDListener - Before click element-->inputtext = 
18:17:28.652 INFO  manager.WDListener - After click element-->input
18:17:28.758 INFO  manager.WDListener - sendKeys -->inputtext
18:17:28.810 INFO  manager.WDListener - sendKeys -->inputtext
18:17:28.881 INFO  manager.WDListener - sendKeys -->inputtext
18:17:28.881 INFO  manager.WDListener - Before find element -->By.xpath: //input[last()]
18:17:28.923 INFO  manager.WDListener - After find element -->By.xpath: //input[last()]
18:17:28.938 INFO  manager.WDListener - Location of element (760, 320)
18:17:28.957 INFO  manager.WDListener - Before click element-->inputtext = 
18:17:29.032 INFO  manager.WDListener - After click element-->input
18:17:29.115 INFO  manager.WDListener - sendKeys -->inputtext
18:17:29.165 INFO  manager.WDListener - sendKeys -->inputtext
18:17:29.210 INFO  manager.WDListener - sendKeys -->inputtext
18:17:29.225 INFO  tests.TestBase - Test data --> User{email='margo@gmail.com', password='Mmar123456$'}
18:17:29.225 INFO  manager.WDListener - Before find element -->By.xpath: //button[text()='Login']
18:17:29.282 INFO  manager.WDListener - After find element -->By.xpath: //button[text()='Login']
18:17:29.295 INFO  manager.WDListener - Location of element (760, 390)
18:17:29.310 INFO  manager.WDListener - Before click element-->buttontext = Login
18:17:31.043 INFO  tests.TestBase - Assert check is element button 'Sign out' present
18:17:31.066 INFO  manager.TestNGListener - success test -->loginSuccessModel
18:17:31.068 INFO  tests.TestBase - =================================================================
18:17:31.069 INFO  tests.TestBase - Name of method -->loginSuccessModel
18:17:31.106 INFO  manager.WDListener - Before find element -->By.xpath: //button[text()='Sign Out']
18:17:31.138 INFO  manager.WDListener - After find element -->By.xpath: //button[text()='Sign Out']
18:17:31.149 INFO  manager.WDListener - Location of element (1797, 39)
18:17:31.164 INFO  manager.WDListener - Before click element-->buttontext = Sign Out
18:17:31.259 INFO  tests.TestBase - Before method finish logout
18:17:31.260 INFO  manager.TestNGListener - start test -->loginSuccessModel
18:17:31.261 INFO  manager.WDListener - Before find element -->By.xpath: //a[text()='LOGIN']
18:17:31.295 INFO  manager.WDListener - After find element -->By.xpath: //a[text()='LOGIN']
18:17:31.311 INFO  manager.WDListener - Location of element (1808, 33)
18:17:31.341 INFO  manager.WDListener - Before click element-->atext = LOGIN
18:17:31.445 INFO  manager.WDListener - After click element-->a
18:17:31.446 INFO  manager.HelperBase - open form by click on button with locator By.xpath("//a[text()='LOGIN']") 
18:17:31.446 INFO  manager.WDListener - Before find element -->By.name: email
18:17:31.497 INFO  manager.WDListener - After find element -->By.name: email
18:17:31.510 INFO  manager.WDListener - Location of element (760, 250)
18:17:31.531 INFO  manager.WDListener - Before click element-->inputtext = 
18:17:31.628 INFO  manager.WDListener - After click element-->input
18:17:31.717 INFO  manager.WDListener - sendKeys -->inputtext
18:17:31.771 INFO  manager.WDListener - sendKeys -->inputtext
18:17:31.834 INFO  manager.WDListener - sendKeys -->inputtext
18:17:31.834 INFO  manager.WDListener - Before find element -->By.xpath: //input[last()]
18:17:31.859 INFO  manager.WDListener - After find element -->By.xpath: //input[last()]
18:17:31.868 INFO  manager.WDListener - Location of element (760, 320)
18:17:31.893 INFO  manager.WDListener - Before click element-->inputtext = 
18:17:31.993 INFO  manager.WDListener - After click element-->input
18:17:32.090 INFO  manager.WDListener - sendKeys -->inputtext
18:17:32.139 INFO  manager.WDListener - sendKeys -->inputtext
18:17:32.252 INFO  manager.WDListener - sendKeys -->inputtext
18:17:32.252 INFO  tests.TestBase - Test data --> User{email='mara@gmail.com', password='Mmar123456$'}
18:17:32.252 INFO  manager.WDListener - Before find element -->By.xpath: //button[text()='Login']
18:17:32.279 INFO  manager.WDListener - After find element -->By.xpath: //button[text()='Login']
18:17:32.293 INFO  manager.WDListener - Location of element (760, 390)
18:17:32.310 INFO  manager.WDListener - Before click element-->buttontext = Login
18:17:32.759 INFO  tests.TestBase - Assert check is element button 'Sign out' present
18:17:32.759 INFO  manager.TestNGListener - success test -->loginSuccessModel
18:17:32.759 INFO  tests.TestBase - =================================================================
18:17:32.759 INFO  tests.TestBase - Name of method -->loginSuccessModel
18:17:32.782 INFO  manager.WDListener - Before find element -->By.xpath: //button[text()='Sign Out']
18:17:32.809 INFO  manager.WDListener - After find element -->By.xpath: //button[text()='Sign Out']
18:17:32.824 INFO  manager.WDListener - Location of element (1797, 39)
18:17:32.841 INFO  manager.WDListener - Before click element-->buttontext = Sign Out
18:17:32.972 INFO  tests.TestBase - Before method finish logout
18:17:32.974 INFO  manager.TestNGListener - start test -->loginSuccessModel
18:17:32.977 INFO  manager.WDListener - Before find element -->By.xpath: //a[text()='LOGIN']
18:17:33.010 INFO  manager.WDListener - After find element -->By.xpath: //a[text()='LOGIN']
18:17:33.032 INFO  manager.WDListener - Location of element (1808, 33)
18:17:33.055 INFO  manager.WDListener - Before click element-->atext = LOGIN
18:17:33.143 INFO  manager.WDListener - After click element-->a
18:17:33.143 INFO  manager.HelperBase - open form by click on button with locator By.xpath("//a[text()='LOGIN']") 
18:17:33.145 INFO  manager.WDListener - Before find element -->By.name: email
18:17:33.175 INFO  manager.WDListener - After find element -->By.name: email
18:17:33.192 INFO  manager.WDListener - Location of element (760, 250)
18:17:33.216 INFO  manager.WDListener - Before click element-->inputtext = 
18:17:33.331 INFO  manager.WDListener - After click element-->input
18:17:33.431 INFO  manager.WDListener - sendKeys -->inputtext
18:17:33.489 INFO  manager.WDListener - sendKeys -->inputtext
18:17:33.569 INFO  manager.WDListener - sendKeys -->inputtext
18:17:33.569 INFO  manager.WDListener - Before find element -->By.xpath: //input[last()]
18:17:33.594 INFO  manager.WDListener - After find element -->By.xpath: //input[last()]
18:17:33.607 INFO  manager.WDListener - Location of element (760, 320)
18:17:33.631 INFO  manager.WDListener - Before click element-->inputtext = 
18:17:33.762 INFO  manager.WDListener - After click element-->input
18:17:33.863 INFO  manager.WDListener - sendKeys -->inputtext
18:17:33.926 INFO  manager.WDListener - sendKeys -->inputtext
18:17:34.005 INFO  manager.WDListener - sendKeys -->inputtext
18:17:34.006 INFO  tests.TestBase - Test data --> User{email='sonya@gmail.com', password='Ss12345$'}
18:17:34.006 INFO  manager.WDListener - Before find element -->By.xpath: //button[text()='Login']
18:17:34.027 INFO  manager.WDListener - After find element -->By.xpath: //button[text()='Login']
18:17:34.048 INFO  manager.WDListener - Location of element (760, 390)
18:17:34.077 INFO  manager.WDListener - Before click element-->buttontext = Login
18:17:34.453 INFO  tests.TestBase - Assert check is element button 'Sign out' present
18:17:34.453 INFO  manager.TestNGListener - success test -->loginSuccessModel
18:17:34.454 INFO  tests.TestBase - =================================================================
18:17:34.460 INFO  manager.TestNGListener - Finish testing on date -->Thu Jun 12 18:17:34 IDT 2025
